{"C:\\Users\\User\\Documents\\ticker_backend\\functions.js": {"path":"C:\\Users\\User\\Documents\\ticker_backend\\functions.js","statementMap":{"0":{"start":{"line":2,"column":12},"end":{"line":2,"column":13}},"1":{"start":{"line":3,"column":17},"end":{"line":3,"column":19}},"2":{"start":{"line":4,"column":13},"end":{"line":4,"column":27}},"3":{"start":{"line":5,"column":13},"end":{"line":5,"column":26}},"4":{"start":{"line":6,"column":2},"end":{"line":6,"column":33}},"5":{"start":{"line":8,"column":2},"end":{"line":8,"column":20}},"6":{"start":{"line":9,"column":2},"end":{"line":9,"column":14}},"7":{"start":{"line":13,"column":21},"end":{"line":13,"column":41}},"8":{"start":{"line":14,"column":28},"end":{"line":15,"column":155}},"9":{"start":{"line":16,"column":2},"end":{"line":16,"column":29}},"10":{"start":{"line":20,"column":2},"end":{"line":28,"column":3}},"11":{"start":{"line":21,"column":4},"end":{"line":21,"column":54}},"12":{"start":{"line":23,"column":7},"end":{"line":28,"column":3}},"13":{"start":{"line":24,"column":4},"end":{"line":24,"column":53}},"14":{"start":{"line":27,"column":4},"end":{"line":27,"column":54}},"15":{"start":{"line":31,"column":0},"end":{"line":35,"column":2}}},"fnMap":{"0":{"name":"generateRandom","decl":{"start":{"line":1,"column":9},"end":{"line":1,"column":23}},"loc":{"start":{"line":1,"column":25},"end":{"line":10,"column":1}},"line":1},"1":{"name":"setCurrentDate","decl":{"start":{"line":12,"column":9},"end":{"line":12,"column":23}},"loc":{"start":{"line":12,"column":25},"end":{"line":17,"column":1}},"line":12},"2":{"name":"setRandomTickerPrice","decl":{"start":{"line":19,"column":9},"end":{"line":19,"column":29}},"loc":{"start":{"line":19,"column":37},"end":{"line":29,"column":1}},"line":19}},"branchMap":{"0":{"loc":{"start":{"line":20,"column":2},"end":{"line":28,"column":3}},"type":"if","locations":[{"start":{"line":20,"column":2},"end":{"line":28,"column":3}},{"start":{"line":23,"column":7},"end":{"line":28,"column":3}}],"line":20},"1":{"loc":{"start":{"line":23,"column":7},"end":{"line":28,"column":3}},"type":"if","locations":[{"start":{"line":23,"column":7},"end":{"line":28,"column":3}},{"start":{"line":26,"column":6},"end":{"line":28,"column":3}}],"line":23}},"s":{"0":4,"1":4,"2":4,"3":4,"4":4,"5":4,"6":4,"7":5,"8":5,"9":5,"10":7,"11":2,"12":5,"13":2,"14":3,"15":1},"f":{"0":4,"1":5,"2":7},"b":{"0":[2,5],"1":[2,3]},"_coverageSchema":"1a1c01bbd47fc00a2c39e90264f33305004495a9","hash":"a96c65f8f298ffd159ea617f914e7d468ae57cd9"}
,"C:\\Users\\User\\Documents\\ticker_backend\\server.js": {"path":"C:\\Users\\User\\Documents\\ticker_backend\\server.js","statementMap":{"0":{"start":{"line":1,"column":16},"end":{"line":1,"column":34}},"1":{"start":{"line":2,"column":19},"end":{"line":2,"column":41}},"2":{"start":{"line":3,"column":11},"end":{"line":3,"column":26}},"3":{"start":{"line":4,"column":18},"end":{"line":4,"column":40}},"4":{"start":{"line":5,"column":18},"end":{"line":5,"column":40}},"5":{"start":{"line":6,"column":18},"end":{"line":6,"column":40}},"6":{"start":{"line":7,"column":64},"end":{"line":7,"column":86}},"7":{"start":{"line":8,"column":19},"end":{"line":8,"column":28}},"8":{"start":{"line":9,"column":19},"end":{"line":9,"column":28}},"9":{"start":{"line":10,"column":19},"end":{"line":10,"column":28}},"10":{"start":{"line":11,"column":12},"end":{"line":11,"column":21}},"11":{"start":{"line":12,"column":0},"end":{"line":12,"column":52}},"12":{"start":{"line":13,"column":0},"end":{"line":13,"column":27}},"13":{"start":{"line":14,"column":0},"end":{"line":14,"column":16}},"14":{"start":{"line":17,"column":0},"end":{"line":52,"column":3}},"15":{"start":{"line":18,"column":17},"end":{"line":18,"column":33}},"16":{"start":{"line":19,"column":2},"end":{"line":48,"column":3}},"17":{"start":{"line":20,"column":4},"end":{"line":27,"column":5}},"18":{"start":{"line":29,"column":7},"end":{"line":48,"column":3}},"19":{"start":{"line":30,"column":4},"end":{"line":37,"column":5}},"20":{"start":{"line":39,"column":7},"end":{"line":48,"column":3}},"21":{"start":{"line":40,"column":4},"end":{"line":47,"column":5}},"22":{"start":{"line":49,"column":2},"end":{"line":51,"column":5}},"23":{"start":{"line":54,"column":0},"end":{"line":89,"column":3}},"24":{"start":{"line":55,"column":17},"end":{"line":55,"column":33}},"25":{"start":{"line":56,"column":2},"end":{"line":85,"column":3}},"26":{"start":{"line":57,"column":4},"end":{"line":64,"column":5}},"27":{"start":{"line":66,"column":7},"end":{"line":85,"column":3}},"28":{"start":{"line":67,"column":4},"end":{"line":74,"column":5}},"29":{"start":{"line":76,"column":7},"end":{"line":85,"column":3}},"30":{"start":{"line":77,"column":4},"end":{"line":84,"column":5}},"31":{"start":{"line":86,"column":2},"end":{"line":88,"column":5}},"32":{"start":{"line":92,"column":0},"end":{"line":127,"column":3}},"33":{"start":{"line":93,"column":17},"end":{"line":93,"column":33}},"34":{"start":{"line":94,"column":2},"end":{"line":123,"column":3}},"35":{"start":{"line":95,"column":4},"end":{"line":102,"column":5}},"36":{"start":{"line":104,"column":7},"end":{"line":123,"column":3}},"37":{"start":{"line":105,"column":4},"end":{"line":112,"column":5}},"38":{"start":{"line":114,"column":7},"end":{"line":123,"column":3}},"39":{"start":{"line":115,"column":4},"end":{"line":122,"column":5}},"40":{"start":{"line":124,"column":2},"end":{"line":126,"column":5}},"41":{"start":{"line":129,"column":0},"end":{"line":135,"column":2}},"42":{"start":{"line":131,"column":13},"end":{"line":131,"column":38}},"43":{"start":{"line":132,"column":2},"end":{"line":134,"column":2}},"44":{"start":{"line":137,"column":0},"end":{"line":143,"column":2}},"45":{"start":{"line":138,"column":13},"end":{"line":138,"column":15}},"46":{"start":{"line":139,"column":2},"end":{"line":139,"column":82}},"47":{"start":{"line":140,"column":2},"end":{"line":142,"column":2}},"48":{"start":{"line":145,"column":0},"end":{"line":147,"column":2}},"49":{"start":{"line":146,"column":0},"end":{"line":146,"column":36}}},"fnMap":{"0":{"name":"(anonymous_0)","decl":{"start":{"line":17,"column":28},"end":{"line":17,"column":29}},"loc":{"start":{"line":17,"column":47},"end":{"line":52,"column":1}},"line":17},"1":{"name":"(anonymous_1)","decl":{"start":{"line":54,"column":28},"end":{"line":54,"column":29}},"loc":{"start":{"line":54,"column":47},"end":{"line":89,"column":1}},"line":54},"2":{"name":"(anonymous_2)","decl":{"start":{"line":92,"column":28},"end":{"line":92,"column":29}},"loc":{"start":{"line":92,"column":47},"end":{"line":127,"column":1}},"line":92},"3":{"name":"(anonymous_3)","decl":{"start":{"line":129,"column":27},"end":{"line":129,"column":28}},"loc":{"start":{"line":129,"column":44},"end":{"line":135,"column":1}},"line":129},"4":{"name":"(anonymous_4)","decl":{"start":{"line":137,"column":27},"end":{"line":137,"column":28}},"loc":{"start":{"line":137,"column":44},"end":{"line":143,"column":1}},"line":137},"5":{"name":"(anonymous_5)","decl":{"start":{"line":145,"column":33},"end":{"line":145,"column":34}},"loc":{"start":{"line":145,"column":39},"end":{"line":147,"column":1}},"line":145}},"branchMap":{"0":{"loc":{"start":{"line":19,"column":2},"end":{"line":48,"column":3}},"type":"if","locations":[{"start":{"line":19,"column":2},"end":{"line":48,"column":3}},{"start":{"line":29,"column":7},"end":{"line":48,"column":3}}],"line":19},"1":{"loc":{"start":{"line":29,"column":7},"end":{"line":48,"column":3}},"type":"if","locations":[{"start":{"line":29,"column":7},"end":{"line":48,"column":3}},{"start":{"line":39,"column":7},"end":{"line":48,"column":3}}],"line":29},"2":{"loc":{"start":{"line":39,"column":7},"end":{"line":48,"column":3}},"type":"if","locations":[{"start":{"line":39,"column":7},"end":{"line":48,"column":3}},{"start":{},"end":{}}],"line":39},"3":{"loc":{"start":{"line":56,"column":2},"end":{"line":85,"column":3}},"type":"if","locations":[{"start":{"line":56,"column":2},"end":{"line":85,"column":3}},{"start":{"line":66,"column":7},"end":{"line":85,"column":3}}],"line":56},"4":{"loc":{"start":{"line":66,"column":7},"end":{"line":85,"column":3}},"type":"if","locations":[{"start":{"line":66,"column":7},"end":{"line":85,"column":3}},{"start":{"line":76,"column":7},"end":{"line":85,"column":3}}],"line":66},"5":{"loc":{"start":{"line":76,"column":7},"end":{"line":85,"column":3}},"type":"if","locations":[{"start":{"line":76,"column":7},"end":{"line":85,"column":3}},{"start":{},"end":{}}],"line":76},"6":{"loc":{"start":{"line":94,"column":2},"end":{"line":123,"column":3}},"type":"if","locations":[{"start":{"line":94,"column":2},"end":{"line":123,"column":3}},{"start":{"line":104,"column":7},"end":{"line":123,"column":3}}],"line":94},"7":{"loc":{"start":{"line":104,"column":7},"end":{"line":123,"column":3}},"type":"if","locations":[{"start":{"line":104,"column":7},"end":{"line":123,"column":3}},{"start":{"line":114,"column":7},"end":{"line":123,"column":3}}],"line":104},"8":{"loc":{"start":{"line":114,"column":7},"end":{"line":123,"column":3}},"type":"if","locations":[{"start":{"line":114,"column":7},"end":{"line":123,"column":3}},{"start":{},"end":{}}],"line":114}},"s":{"0":1,"1":1,"2":1,"3":1,"4":1,"5":1,"6":1,"7":1,"8":1,"9":1,"10":1,"11":1,"12":1,"13":1,"14":1,"15":1,"16":1,"17":0,"18":1,"19":0,"20":1,"21":0,"22":1,"23":1,"24":1,"25":1,"26":0,"27":1,"28":0,"29":1,"30":0,"31":1,"32":1,"33":1,"34":1,"35":0,"36":1,"37":0,"38":1,"39":1,"40":1,"41":1,"42":1,"43":1,"44":1,"45":1,"46":1,"47":1,"48":1,"49":1},"f":{"0":1,"1":1,"2":1,"3":1,"4":1,"5":1},"b":{"0":[0,1],"1":[0,1],"2":[0,1],"3":[0,1],"4":[0,1],"5":[0,1],"6":[0,1],"7":[0,1],"8":[1,0]},"_coverageSchema":"1a1c01bbd47fc00a2c39e90264f33305004495a9","hash":"28aea8d3da9eaa0731c33d83076d7e9d2b242b26"}
}
