TN:
SF:functions.js
FN:1,generateRandom
FN:12,setCurrentDate
FN:19,setRandomTickerPrice
FNF:3
FNH:3
FNDA:4,generateRandom
FNDA:5,setCurrentDate
FNDA:7,setRandomTickerPrice
DA:2,4
DA:3,4
DA:4,4
DA:5,4
DA:6,4
DA:8,4
DA:9,4
DA:13,5
DA:14,5
DA:16,5
DA:20,7
DA:21,2
DA:23,5
DA:24,2
DA:27,3
DA:31,1
LF:16
LH:16
BRDA:20,0,0,2
BRDA:20,0,1,5
BRDA:23,1,0,2
BRDA:23,1,1,3
BRF:4
BRH:4
end_of_record
TN:
SF:server.js
FN:17,(anonymous_0)
FN:54,(anonymous_1)
FN:92,(anonymous_2)
FN:129,(anonymous_3)
FN:137,(anonymous_4)
FN:145,(anonymous_5)
FNF:6
FNH:6
FNDA:1,(anonymous_0)
FNDA:1,(anonymous_1)
FNDA:1,(anonymous_2)
FNDA:1,(anonymous_3)
FNDA:1,(anonymous_4)
FNDA:1,(anonymous_5)
DA:1,1
DA:2,1
DA:3,1
DA:4,1
DA:5,1
DA:6,1
DA:7,1
DA:8,1
DA:9,1
DA:10,1
DA:11,1
DA:12,1
DA:13,1
DA:14,1
DA:17,1
DA:18,1
DA:19,1
DA:20,0
DA:29,1
DA:30,0
DA:39,1
DA:40,0
DA:49,1
DA:54,1
DA:55,1
DA:56,1
DA:57,0
DA:66,1
DA:67,0
DA:76,1
DA:77,0
DA:86,1
DA:92,1
DA:93,1
DA:94,1
DA:95,0
DA:104,1
DA:105,0
DA:114,1
DA:115,1
DA:124,1
DA:129,1
DA:131,1
DA:132,1
DA:137,1
DA:138,1
DA:139,1
DA:140,1
DA:145,1
DA:146,1
LF:50
LH:42
BRDA:19,0,0,0
BRDA:19,0,1,1
BRDA:29,1,0,0
BRDA:29,1,1,1
BRDA:39,2,0,0
BRDA:39,2,1,1
BRDA:56,3,0,0
BRDA:56,3,1,1
BRDA:66,4,0,0
BRDA:66,4,1,1
BRDA:76,5,0,0
BRDA:76,5,1,1
BRDA:94,6,0,0
BRDA:94,6,1,1
BRDA:104,7,0,0
BRDA:104,7,1,1
BRDA:114,8,0,1
BRDA:114,8,1,0
BRF:18
BRH:9
end_of_record
